nohup: ignoring input
Starting Sledgehammer automated training for 30 episodes...
-----------------------------------------------------
STARTING EPISODE 1 / 30  |  SCENARIO: high_speed
-----------------------------------------------------
Simulation executable started with PID: 10851
Waiting for 'Simulation completed!' in log file...
Trigger text found. Main simulation is complete.
Terminating hung processes by name (using SIGKILL)...
./train_loop.sh: line 14: 10851 Killed                  "$SIMULATION_EXECUTABLE" "$current_scenario" > "$temp_log" 2>&1
EPISODE 1 completed and all processes have been terminated.
-----------------------------------------------------
STARTING EPISODE 2 / 30  |  SCENARIO: high_speed
-----------------------------------------------------
Simulation executable started with PID: 11131
Waiting for 'Simulation completed!' in log file...
Trigger text found. Main simulation is complete.
Terminating hung processes by name (using SIGKILL)...
./train_loop.sh: line 14: 11131 Killed                  "$SIMULATION_EXECUTABLE" "$current_scenario" > "$temp_log" 2>&1
EPISODE 2 completed and all processes have been terminated.
-----------------------------------------------------
STARTING EPISODE 3 / 30  |  SCENARIO: high_speed
-----------------------------------------------------
Simulation executable started with PID: 11402
Waiting for 'Simulation completed!' in log file...
Trigger text found. Main simulation is complete.
Terminating hung processes by name (using SIGKILL)...
./train_loop.sh: line 14: 11402 Killed                  "$SIMULATION_EXECUTABLE" "$current_scenario" > "$temp_log" 2>&1
EPISODE 3 completed and all processes have been terminated.
-----------------------------------------------------
STARTING EPISODE 4 / 30  |  SCENARIO: high_speed
-----------------------------------------------------
Simulation executable started with PID: 11667
Waiting for 'Simulation completed!' in log file...
Trigger text found. Main simulation is complete.
Terminating hung processes by name (using SIGKILL)...
./train_loop.sh: line 14: 11667 Killed                  "$SIMULATION_EXECUTABLE" "$current_scenario" > "$temp_log" 2>&1
EPISODE 4 completed and all processes have been terminated.
-----------------------------------------------------
STARTING EPISODE 5 / 30  |  SCENARIO: high_speed
-----------------------------------------------------
Simulation executable started with PID: 11937
Waiting for 'Simulation completed!' in log file...
Trigger text found. Main simulation is complete.
Terminating hung processes by name (using SIGKILL)...
./train_loop.sh: line 14: 11937 Killed                  "$SIMULATION_EXECUTABLE" "$current_scenario" > "$temp_log" 2>&1
EPISODE 5 completed and all processes have been terminated.
-----------------------------------------------------
STARTING EPISODE 6 / 30  |  SCENARIO: high_speed
-----------------------------------------------------
Simulation executable started with PID: 12198
Waiting for 'Simulation completed!' in log file...
Trigger text found. Main simulation is complete.
Terminating hung processes by name (using SIGKILL)...
./train_loop.sh: line 14: 12198 Killed                  "$SIMULATION_EXECUTABLE" "$current_scenario" > "$temp_log" 2>&1
EPISODE 6 completed and all processes have been terminated.
-----------------------------------------------------
STARTING EPISODE 7 / 30  |  SCENARIO: high_speed
-----------------------------------------------------
Simulation executable started with PID: 12479
Waiting for 'Simulation completed!' in log file...
Trigger text found. Main simulation is complete.
Terminating hung processes by name (using SIGKILL)...
./train_loop.sh: line 14: 12479 Killed                  "$SIMULATION_EXECUTABLE" "$current_scenario" > "$temp_log" 2>&1
EPISODE 7 completed and all processes have been terminated.
-----------------------------------------------------
STARTING EPISODE 8 / 30  |  SCENARIO: high_speed
-----------------------------------------------------
Simulation executable started with PID: 12913
Waiting for 'Simulation completed!' in log file...
Trigger text found. Main simulation is complete.
Terminating hung processes by name (using SIGKILL)...
./train_loop.sh: line 14: 12913 Killed                  "$SIMULATION_EXECUTABLE" "$current_scenario" > "$temp_log" 2>&1
EPISODE 8 completed and all processes have been terminated.
-----------------------------------------------------
STARTING EPISODE 9 / 30  |  SCENARIO: high_speed
-----------------------------------------------------
Simulation executable started with PID: 13208
Waiting for 'Simulation completed!' in log file...
Trigger text found. Main simulation is complete.
Terminating hung processes by name (using SIGKILL)...
./train_loop.sh: line 14: 13208 Killed                  "$SIMULATION_EXECUTABLE" "$current_scenario" > "$temp_log" 2>&1
EPISODE 9 completed and all processes have been terminated.
-----------------------------------------------------
STARTING EPISODE 10 / 30  |  SCENARIO: high_speed
-----------------------------------------------------
Simulation executable started with PID: 13482
Waiting for 'Simulation completed!' in log file...
Trigger text found. Main simulation is complete.
Terminating hung processes by name (using SIGKILL)...
./train_loop.sh: line 14: 13482 Killed                  "$SIMULATION_EXECUTABLE" "$current_scenario" > "$temp_log" 2>&1
EPISODE 10 completed and all processes have been terminated.
-----------------------------------------------------
STARTING EPISODE 11 / 30  |  SCENARIO: high_speed
-----------------------------------------------------
Simulation executable started with PID: 13731
Waiting for 'Simulation completed!' in log file...
Trigger text found. Main simulation is complete.
Terminating hung processes by name (using SIGKILL)...
./train_loop.sh: line 14: 13731 Killed                  "$SIMULATION_EXECUTABLE" "$current_scenario" > "$temp_log" 2>&1
EPISODE 11 completed and all processes have been terminated.
-----------------------------------------------------
STARTING EPISODE 12 / 30  |  SCENARIO: high_speed
-----------------------------------------------------
Simulation executable started with PID: 13993
Waiting for 'Simulation completed!' in log file...
Trigger text found. Main simulation is complete.
Terminating hung processes by name (using SIGKILL)...
./train_loop.sh: line 14: 13993 Killed                  "$SIMULATION_EXECUTABLE" "$current_scenario" > "$temp_log" 2>&1
EPISODE 12 completed and all processes have been terminated.
-----------------------------------------------------
STARTING EPISODE 13 / 30  |  SCENARIO: high_speed
-----------------------------------------------------
Simulation executable started with PID: 14350
Waiting for 'Simulation completed!' in log file...
Trigger text found. Main simulation is complete.
Terminating hung processes by name (using SIGKILL)...
./train_loop.sh: line 14: 14350 Killed                  "$SIMULATION_EXECUTABLE" "$current_scenario" > "$temp_log" 2>&1
EPISODE 13 completed and all processes have been terminated.
-----------------------------------------------------
STARTING EPISODE 14 / 30  |  SCENARIO: high_speed
-----------------------------------------------------
Simulation executable started with PID: 14598
Waiting for 'Simulation completed!' in log file...
Trigger text found. Main simulation is complete.
Terminating hung processes by name (using SIGKILL)...
./train_loop.sh: line 14: 14598 Killed                  "$SIMULATION_EXECUTABLE" "$current_scenario" > "$temp_log" 2>&1
EPISODE 14 completed and all processes have been terminated.
-----------------------------------------------------
STARTING EPISODE 15 / 30  |  SCENARIO: high_speed
-----------------------------------------------------
Simulation executable started with PID: 14883
Waiting for 'Simulation completed!' in log file...
Trigger text found. Main simulation is complete.
Terminating hung processes by name (using SIGKILL)...
./train_loop.sh: line 14: 14883 Killed                  "$SIMULATION_EXECUTABLE" "$current_scenario" > "$temp_log" 2>&1
EPISODE 15 completed and all processes have been terminated.
-----------------------------------------------------
STARTING EPISODE 16 / 30  |  SCENARIO: high_speed
-----------------------------------------------------
Simulation executable started with PID: 15145
Waiting for 'Simulation completed!' in log file...
Trigger text found. Main simulation is complete.
Terminating hung processes by name (using SIGKILL)...
./train_loop.sh: line 14: 15145 Killed                  "$SIMULATION_EXECUTABLE" "$current_scenario" > "$temp_log" 2>&1
EPISODE 16 completed and all processes have been terminated.
-----------------------------------------------------
STARTING EPISODE 17 / 30  |  SCENARIO: high_speed
-----------------------------------------------------
Simulation executable started with PID: 15414
Waiting for 'Simulation completed!' in log file...
Trigger text found. Main simulation is complete.
Terminating hung processes by name (using SIGKILL)...
./train_loop.sh: line 14: 15414 Killed                  "$SIMULATION_EXECUTABLE" "$current_scenario" > "$temp_log" 2>&1
EPISODE 17 completed and all processes have been terminated.
-----------------------------------------------------
STARTING EPISODE 18 / 30  |  SCENARIO: high_speed
-----------------------------------------------------
Simulation executable started with PID: 15679
Waiting for 'Simulation completed!' in log file...
Trigger text found. Main simulation is complete.
Terminating hung processes by name (using SIGKILL)...
./train_loop.sh: line 14: 15679 Killed                  "$SIMULATION_EXECUTABLE" "$current_scenario" > "$temp_log" 2>&1
EPISODE 18 completed and all processes have been terminated.
-----------------------------------------------------
STARTING EPISODE 19 / 30  |  SCENARIO: high_speed
-----------------------------------------------------
Simulation executable started with PID: 15942
Waiting for 'Simulation completed!' in log file...
Trigger text found. Main simulation is complete.
Terminating hung processes by name (using SIGKILL)...
./train_loop.sh: line 14: 15942 Killed                  "$SIMULATION_EXECUTABLE" "$current_scenario" > "$temp_log" 2>&1
EPISODE 19 completed and all processes have been terminated.
-----------------------------------------------------
STARTING EPISODE 20 / 30  |  SCENARIO: high_speed
-----------------------------------------------------
Simulation executable started with PID: 16215
Waiting for 'Simulation completed!' in log file...
Trigger text found. Main simulation is complete.
Terminating hung processes by name (using SIGKILL)...
./train_loop.sh: line 14: 16215 Killed                  "$SIMULATION_EXECUTABLE" "$current_scenario" > "$temp_log" 2>&1
EPISODE 20 completed and all processes have been terminated.
-----------------------------------------------------
STARTING EPISODE 21 / 30  |  SCENARIO: high_speed
-----------------------------------------------------
Simulation executable started with PID: 16491
Waiting for 'Simulation completed!' in log file...
